<?xml version="1.0" encoding="UTF-8"?>
<!-- Generated by org.testng.reporters.JUnitReportReporter -->
<testsuite hostname="CAOTTMB30291872.hitronhub.home" failures="0" tests="1" name="ZeppelinRental.CallTabLinkVerification" time="18.813" errors="1" timestamp="2024-02-28T10:50:30 EST" skipped="0">
  <testcase classname="ZeppelinRental.CallTabLinkVerification" name="CallTabLink" time="18.813">
    <error message="Unable to create a new remote session. Please check the server log for more details. Original error: An unknown server-side error occurred while processing the command. Original error: Could not install &#039;/var/folders/r8/j410hbxj31n09438mj9pjg6d124h42/T/2024128-1842-1vyxlvu.4p4s/irdeto-zeppelin.app&#039;:
  - Unexpected data: {&quot;Error&quot;:&quot;ApplicationVerificationFailed&quot;,&quot;ErrorDetail&quot;:-402620395,&quot;ErrorDescription&quot;:&quot;Failed to verify code signature of /var/installd/Library/Caches/com.apple.mobile.installd.staging/temp.UeXj1I/extracted/com.irdetosecurity.keystone.clr.zeppelin.internal.app : 0xe8008015 (A valid provisioning profile for this executable was not found.)&quot;}
  - &#039;ios-deploy&#039; utility has not been found in PATH. Is it installed?
Build info: version: &#039;3.141.59&#039;, revision: &#039;e82be7d358&#039;, time: &#039;2018-11-14T08:17:03&#039;
System info: host: &#039;CAOTTMB30291872.hitronhub.home&#039;, ip: &#039;192.168.0.10&#039;, os.name: &#039;Mac OS X&#039;, os.arch: &#039;x86_64&#039;, os.version: &#039;11.6&#039;, java.version: &#039;16.0.2&#039;
Driver info: driver.version: IOSDriver
remote stacktrace: UnknownError: An unknown server-side error occurred while processing the command. Original error: Could not install &#039;/var/folders/r8/j410hbxj31n09438mj9pjg6d124h42/T/2024128-1842-1vyxlvu.4p4s/irdeto-zeppelin.app&#039;:
  - Unexpected data: {&quot;Error&quot;:&quot;ApplicationVerificationFailed&quot;,&quot;ErrorDetail&quot;:-402620395,&quot;ErrorDescription&quot;:&quot;Failed to verify code signature of /var/installd/Library/Caches/com.apple.mobile.installd.staging/temp.UeXj1I/extracted/com.irdetosecurity.keystone.clr.zeppelin.internal.app : 0xe8008015 (A valid provisioning profile for this executable was not found.)&quot;}
  - &#039;ios-deploy&#039; utility has not been found in PATH. Is it installed?
    at getResponseForW3CError (/usr/local/lib/node_modules/appium/node_modules/appium-base-driver/lib/protocol/errors.js:804:9)
    at asyncHandler (/usr/local/lib/node_modules/appium/node_modules/appium-base-driver/lib/protocol/protocol.js:380:37)
Build info: version: &#039;3.141.59&#039;, revision: &#039;e82be7d358&#039;, time: &#039;2018-11-14T08:17:03&#039;
System info: host: &#039;CAOTTMB30291872.hitronhub.home&#039;, ip: &#039;192.168.0.10&#039;, os.name: &#039;Mac OS X&#039;, os.arch: &#039;x86_64&#039;, os.version: &#039;11.6&#039;, java.version: &#039;16.0.2&#039;
Driver info: driver.version: IOSDriver" type="org.openqa.selenium.SessionNotCreatedException">
      <![CDATA[org.openqa.selenium.SessionNotCreatedException: Unable to create a new remote session. Please check the server log for more details. Original error: An unknown server-side error occurred while processing the command. Original error: Could not install '/var/folders/r8/j410hbxj31n09438mj9pjg6d124h42/T/2024128-1842-1vyxlvu.4p4s/irdeto-zeppelin.app':
  - Unexpected data: {"Error":"ApplicationVerificationFailed","ErrorDetail":-402620395,"ErrorDescription":"Failed to verify code signature of /var/installd/Library/Caches/com.apple.mobile.installd.staging/temp.UeXj1I/extracted/com.irdetosecurity.keystone.clr.zeppelin.internal.app : 0xe8008015 (A valid provisioning profile for this executable was not found.)"}
  - 'ios-deploy' utility has not been found in PATH. Is it installed?
Build info: version: '3.141.59', revision: 'e82be7d358', time: '2018-11-14T08:17:03'
System info: host: 'CAOTTMB30291872.hitronhub.home', ip: '192.168.0.10', os.name: 'Mac OS X', os.arch: 'x86_64', os.version: '11.6', java.version: '16.0.2'
Driver info: driver.version: IOSDriver
remote stacktrace: UnknownError: An unknown server-side error occurred while processing the command. Original error: Could not install '/var/folders/r8/j410hbxj31n09438mj9pjg6d124h42/T/2024128-1842-1vyxlvu.4p4s/irdeto-zeppelin.app':
  - Unexpected data: {"Error":"ApplicationVerificationFailed","ErrorDetail":-402620395,"ErrorDescription":"Failed to verify code signature of /var/installd/Library/Caches/com.apple.mobile.installd.staging/temp.UeXj1I/extracted/com.irdetosecurity.keystone.clr.zeppelin.internal.app : 0xe8008015 (A valid provisioning profile for this executable was not found.)"}
  - 'ios-deploy' utility has not been found in PATH. Is it installed?
    at getResponseForW3CError (/usr/local/lib/node_modules/appium/node_modules/appium-base-driver/lib/protocol/errors.js:804:9)
    at asyncHandler (/usr/local/lib/node_modules/appium/node_modules/appium-base-driver/lib/protocol/protocol.js:380:37)
Build info: version: '3.141.59', revision: 'e82be7d358', time: '2018-11-14T08:17:03'
System info: host: 'CAOTTMB30291872.hitronhub.home', ip: '192.168.0.10', os.name: 'Mac OS X', os.arch: 'x86_64', os.version: '11.6', java.version: '16.0.2'
Driver info: driver.version: IOSDriver
at io.appium.java_client.remote.AppiumCommandExecutor$1.createSession(AppiumCommandExecutor.java:216)
at io.appium.java_client.remote.AppiumCommandExecutor.createSession(AppiumCommandExecutor.java:225)
at io.appium.java_client.remote.AppiumCommandExecutor.execute(AppiumCommandExecutor.java:247)
at org.openqa.selenium.remote.RemoteWebDriver.execute(RemoteWebDriver.java:552)
at io.appium.java_client.DefaultGenericMobileDriver.execute(DefaultGenericMobileDriver.java:41)
at io.appium.java_client.AppiumDriver.execute(AppiumDriver.java:1)
at io.appium.java_client.ios.IOSDriver.execute(IOSDriver.java:1)
at org.openqa.selenium.remote.RemoteWebDriver.startSession(RemoteWebDriver.java:213)
at io.appium.java_client.AppiumDriver.startSession(AppiumDriver.java:338)
at org.openqa.selenium.remote.RemoteWebDriver.<init>(RemoteWebDriver.java:131)
at io.appium.java_client.DefaultGenericMobileDriver.<init>(DefaultGenericMobileDriver.java:37)
at io.appium.java_client.AppiumDriver.<init>(AppiumDriver.java:89)
at io.appium.java_client.AppiumDriver.<init>(AppiumDriver.java:99)
at io.appium.java_client.ios.IOSDriver.<init>(IOSDriver.java:90)
at resources.BaseIOSTest.DesiredCapabilities(BaseIOSTest.java:142)
at ZeppelinRental.CallTabLinkVerification.CallTabLink(CallTabLinkVerification.java:80)
at java.base/jdk.internal.reflect.NativeMethodAccessorImpl.invoke0(Native Method)
at java.base/jdk.internal.reflect.NativeMethodAccessorImpl.invoke(NativeMethodAccessorImpl.java:78)
at java.base/jdk.internal.reflect.DelegatingMethodAccessorImpl.invoke(DelegatingMethodAccessorImpl.java:43)
at java.base/java.lang.reflect.Method.invoke(Method.java:567)
at org.testng.internal.MethodInvocationHelper.invokeMethod(MethodInvocationHelper.java:133)
at org.testng.internal.TestInvoker.invokeMethod(TestInvoker.java:598)
at org.testng.internal.TestInvoker.invokeTestMethod(TestInvoker.java:173)
at org.testng.internal.MethodRunner.runInSequence(MethodRunner.java:46)
at org.testng.internal.TestInvoker$MethodInvocationAgent.invoke(TestInvoker.java:824)
at org.testng.internal.TestInvoker.invokeTestMethods(TestInvoker.java:146)
at org.testng.internal.TestMethodWorker.invokeTestMethods(TestMethodWorker.java:146)
at org.testng.internal.TestMethodWorker.run(TestMethodWorker.java:128)
at java.base/java.util.ArrayList.forEach(ArrayList.java:1511)
at org.testng.TestRunner.privateRun(TestRunner.java:794)
at org.testng.TestRunner.run(TestRunner.java:596)
at org.testng.SuiteRunner.runTest(SuiteRunner.java:377)
at org.testng.SuiteRunner.runSequentially(SuiteRunner.java:371)
at org.testng.SuiteRunner.privateRun(SuiteRunner.java:332)
at org.testng.SuiteRunner.run(SuiteRunner.java:276)
at org.testng.SuiteRunnerWorker.runSuite(SuiteRunnerWorker.java:53)
at org.testng.SuiteRunnerWorker.run(SuiteRunnerWorker.java:96)
at org.testng.TestNG.runSuitesSequentially(TestNG.java:1212)
at org.testng.TestNG.runSuitesLocally(TestNG.java:1134)
at org.testng.TestNG.runSuites(TestNG.java:1063)
at org.testng.TestNG.run(TestNG.java:1031)
at org.testng.remote.AbstractRemoteTestNG.run(AbstractRemoteTestNG.java:115)
at org.testng.remote.RemoteTestNG.initAndRun(RemoteTestNG.java:251)
at org.testng.remote.RemoteTestNG.main(RemoteTestNG.java:77)
Caused by: java.lang.reflect.InvocationTargetException
at java.base/jdk.internal.reflect.NativeMethodAccessorImpl.invoke0(Native Method)
at java.base/jdk.internal.reflect.NativeMethodAccessorImpl.invoke(NativeMethodAccessorImpl.java:78)
at java.base/jdk.internal.reflect.DelegatingMethodAccessorImpl.invoke(DelegatingMethodAccessorImpl.java:43)
at java.base/java.lang.reflect.Method.invoke(Method.java:567)
at io.appium.java_client.remote.AppiumCommandExecutor$1.createSession(AppiumCommandExecutor.java:193)
... 43 more
Caused by: org.openqa.selenium.WebDriverException: An unknown server-side error occurred while processing the command. Original error: Could not install '/var/folders/r8/j410hbxj31n09438mj9pjg6d124h42/T/2024128-1842-1vyxlvu.4p4s/irdeto-zeppelin.app':
  - Unexpected data: {"Error":"ApplicationVerificationFailed","ErrorDetail":-402620395,"ErrorDescription":"Failed to verify code signature of /var/installd/Library/Caches/com.apple.mobile.installd.staging/temp.UeXj1I/extracted/com.irdetosecurity.keystone.clr.zeppelin.internal.app : 0xe8008015 (A valid provisioning profile for this executable was not found.)"}
  - 'ios-deploy' utility has not been found in PATH. Is it installed?
Build info: version: '3.141.59', revision: 'e82be7d358', time: '2018-11-14T08:17:03'
System info: host: 'CAOTTMB30291872.hitronhub.home', ip: '192.168.0.10', os.name: 'Mac OS X', os.arch: 'x86_64', os.version: '11.6', java.version: '16.0.2'
Driver info: driver.version: IOSDriver
remote stacktrace: UnknownError: An unknown server-side error occurred while processing the command. Original error: Could not install '/var/folders/r8/j410hbxj31n09438mj9pjg6d124h42/T/2024128-1842-1vyxlvu.4p4s/irdeto-zeppelin.app':
  - Unexpected data: {"Error":"ApplicationVerificationFailed","ErrorDetail":-402620395,"ErrorDescription":"Failed to verify code signature of /var/installd/Library/Caches/com.apple.mobile.installd.staging/temp.UeXj1I/extracted/com.irdetosecurity.keystone.clr.zeppelin.internal.app : 0xe8008015 (A valid provisioning profile for this executable was not found.)"}
  - 'ios-deploy' utility has not been found in PATH. Is it installed?
    at getResponseForW3CError (/usr/local/lib/node_modules/appium/node_modules/appium-base-driver/lib/protocol/errors.js:804:9)
    at asyncHandler (/usr/local/lib/node_modules/appium/node_modules/appium-base-driver/lib/protocol/protocol.js:380:37)
at java.base/jdk.internal.reflect.NativeConstructorAccessorImpl.newInstance0(Native Method)
at java.base/jdk.internal.reflect.NativeConstructorAccessorImpl.newInstance(NativeConstructorAccessorImpl.java:78)
at java.base/jdk.internal.reflect.DelegatingConstructorAccessorImpl.newInstance(DelegatingConstructorAccessorImpl.java:45)
at java.base/java.lang.reflect.Constructor.newInstanceWithCaller(Constructor.java:499)
at java.base/java.lang.reflect.Constructor.newInstance(Constructor.java:480)
at org.openqa.selenium.remote.W3CHandshakeResponse.lambda$errorHandler$0(W3CHandshakeResponse.java:62)
at org.openqa.selenium.remote.HandshakeResponse.lambda$getResponseFunction$0(HandshakeResponse.java:30)
at org.openqa.selenium.remote.ProtocolHandshake.lambda$createSession$0(ProtocolHandshake.java:126)
at java.base/java.util.stream.ReferencePipeline$3$1.accept(ReferencePipeline.java:197)
at java.base/java.util.Spliterators$ArraySpliterator.tryAdvance(Spliterators.java:958)
at java.base/java.util.stream.ReferencePipeline.forEachWithCancel(ReferencePipeline.java:129)
at java.base/java.util.stream.AbstractPipeline.copyIntoWithCancel(AbstractPipeline.java:502)
at java.base/java.util.stream.AbstractPipeline.copyInto(AbstractPipeline.java:488)
at java.base/java.util.stream.AbstractPipeline.wrapAndCopyInto(AbstractPipeline.java:474)
at java.base/java.util.stream.FindOps$FindOp.evaluateSequential(FindOps.java:150)
at java.base/java.util.stream.AbstractPipeline.evaluate(AbstractPipeline.java:234)
at java.base/java.util.stream.ReferencePipeline.findFirst(ReferencePipeline.java:647)
at org.openqa.selenium.remote.ProtocolHandshake.createSession(ProtocolHandshake.java:128)
... 48 more
]]>
    </error>
  </testcase> <!-- CallTabLink -->
  <system-out/>
</testsuite> <!-- ZeppelinRental.CallTabLinkVerification -->
